make all --print-data-base --no-builtin-variables --no-builtin-rules --question
# GNU Make 4.3
# Built for x86_64-pc-linux-gnu
# Copyright (C) 1988-2020 Free Software Foundation, Inc.
# License GPLv3+: GNU GPL version 3 or later <http://gnu.org/licenses/gpl.html>
# This is free software: you are free to change and redistribute it.
# There is NO WARRANTY, to the extent permitted by law.

# Make data base, printed on Tue Jul  6 21:39:08 2021

# Variables

# environment
LC_ALL = C
# environment
NO_AT_BRIDGE = 1
# environment
GTK_RC_FILES = /etc/gtk/gtkrc:/home/martin/.gtkrc:/home/martin/.config/gtkrc
# environment
VSCODE_IPC_HOOK_EXTHOST = /run/user/1000/vscode-ipc-86d4fee0-26ee-4fa9-b1a8-5ef5762ed0a3.sock
# makefile (from 'Makefile', line 9)
SRC_DIR = src
# environment
LC_NAME = cs_CZ.UTF-8
# environment
LC_NUMERIC = en_US.UTF-8
# environment
VSCODE_CWD = /home/martin
# environment
UBUNTU_MENUPROXY = 1
# environment
LC_ADDRESS = cs_CZ.UTF-8
# default
MAKE_COMMAND := make
# environment
GTK3_MODULES = xapp-gtk3-module
# automatic
@D = $(patsubst %/,%,$(dir $@))
# environment
VSCODE_HANDLES_UNCAUGHT_ERRORS = true
# default
.VARIABLES := 
# environment
PWD = /home/martin/Dropbox/C++Projects/MandelbrotZoom
# automatic
%D = $(patsubst %/,%,$(dir $%))
# environment
MAIL = thunderbird
# automatic
^D = $(patsubst %/,%,$(dir $^))
# environment
VSCODE_LOG_STACK = false
# automatic
%F = $(notdir $%)
# environment
CONDA_PROMPT_MODIFIER = (base) 
# environment
XDG_SESSION_PATH = /org/freedesktop/DisplayManager/Session1
# environment
LANG = C
# environment
XAUTHORITY = /home/martin/.Xauthority
# default
.LOADED := 
# default
.INCLUDE_DIRS = /usr/include /usr/local/include /usr/include
# makefile
MAKEFLAGS = pqrR
 
# makefile
CURDIR := /home/martin/Dropbox/C++Projects/MandelbrotZoom
# environment
VSCODE_PIPE_LOGGING = true
# environment
APPLICATION_INSIGHTS_NO_DIAGNOSTIC_CHANNEL = true
# makefile (from 'Makefile', line 11)
SRCS := src/FractalBuilder.cpp src/Main.cpp src/EscapeTimeFractal.cpp src/FractalHandler.cpp src/Fractals.cpp src/Window.cpp
# automatic
*D = $(patsubst %/,%,$(dir $*))
# environment
PAM_KWALLET5_LOGIN = /run/user/1000/kwallet5.socket
# environment
MFLAGS = -pqrR
# default
.SHELLFLAGS := -c
# automatic
+D = $(patsubst %/,%,$(dir $+))
# environment
XCURSOR_THEME = Vimix-cursors
# environment
XDG_SESSION_DESKTOP = KDE
# environment
VSCODE_CRASH_REPORTER_START_OPTIONS = {"companyName":"Microsoft","productName":"VSCode","submitURL":"appcenter://code?aid=fba07a4d-84bd-4fc8-a125-9640fc8ce171&uid=9d71e3d3-f133-410d-9c7f-fbca34b10c9d&iid=9d71e3d3-f133-410d-9c7f-fbca34b10c9d&sid=9d71e3d3-f133-410d-9c7f-fbca34b10c9d","uploadToServer":true}
# makefile (from 'Makefile', line 1)
MAKEFILE_LIST := Makefile
# environment
CONDA_SHLVL = 1
# automatic
@F = $(notdir $@)
# environment
VSCODE_VERBOSE_LOGGING = true
# environment
VSCODE_PID = 333191
# environment
XDG_SESSION_TYPE = x11
# automatic
?D = $(patsubst %/,%,$(dir $?))
# environment
CONDA_PYTHON_EXE = /home/martin/anaconda3/bin/python
# environment
SESSION_MANAGER = local/martin-ms7b77:@/tmp/.ICE-unix/6979,unix/martin-ms7b77:/tmp/.ICE-unix/6979
# automatic
*F = $(notdir $*)
# environment
CHROME_DESKTOP = code-url-handler.desktop
# environment
DBUS_SESSION_BUS_ADDRESS = unix:path=/run/user/1000/bus
# automatic
<D = $(patsubst %/,%,$(dir $<))
# environment
VSCODE_NLS_CONFIG = {"locale":"en-us","availableLanguages":{},"_languagePackSupport":true}
# environment
BREAKPAD_DUMP_LOCATION = /home/martin/.config/Code/exthost Crash Reports
# default
MAKE_HOST := x86_64-pc-linux-gnu
# makefile (from 'Makefile', line 12)
OBJS := build/src/FractalBuilder.cpp.o build/src/Main.cpp.o build/src/EscapeTimeFractal.cpp.o build/src/FractalHandler.cpp.o build/src/Fractals.cpp.o build/src/Window.cpp.o
# environment
CONDA_PREFIX = /home/martin/anaconda3
# makefile
SHELL = /bin/sh
# default
MAKECMDGOALS := all
# environment
XMODIFIERS = @im=ibus
# environment
SHLVL = 3
# environment
MAKELEVEL := 0
# default
MAKE = $(MAKE_COMMAND)
# environment
PATH = /home/martin/anaconda3/bin:/opt/nvidia/hpc_sdk/Linux_x86_64/21.2/compilers/bin:/home/martin/anaconda3/condabin:/opt/nvidia/hpc_sdk/Linux_x86_64/21.2/compilers/bin:/usr/local/sbin:/opt/nvidia/hpc_sdk/Linux_x86_64/21.2/compilers/bin:/opt/nvidia/hpc_sdk/Linux_x86_64/21.2/compilers/bin:/opt/nvidia/hpc_sdk/Linux_x86_64/21.2/compilers/bin:/usr/local/bin:/opt/nvidia/hpc_sdk/Linux_x86_64/21.2/compilers/bin:/opt/nvidia/hpc_sdk/Linux_x86_64/21.2/compilers/bin:/opt/nvidia/hpc_sdk/Linux_x86_64/21.2/compilers/bin:/usr/bin:/opt/nvidia/hpc_sdk/Linux_x86_64/21.2/compilers/bin:/opt/nvidia/hpc_sdk/Linux_x86_64/21.2/compilers/bin:/opt/nvidia/hpc_sdk/Linux_x86_64/21.2/compilers/bin:/usr/bin/site_perl:/opt/nvidia/hpc_sdk/Linux_x86_64/21.2/compilers/bin:/opt/nvidia/hpc_sdk/Linux_x86_64/21.2/compilers/bin:/opt/nvidia/hpc_sdk/Linux_x86_64/21.2/compilers/bin:/usr/bin/vendor_perl:/opt/nvidia/hpc_sdk/Linux_x86_64/21.2/compilers/bin:/opt/nvidia/hpc_sdk/Linux_x86_64/21.2/compilers/bin:/opt/nvidia/hpc_sdk/Linux_x86_64/21.2/compilers/bin:/usr/bin/core_perl:/opt/nvidia/hpc_sdk/Linux_x86_64/21.2/compilers/bin:/opt/nvidia/hpc_sdk/Linux_x86_64/21.2/compilers/bin:/opt/nvidia/hpc_sdk/Linux_x86_64/21.2/compilers/bin
# default
MAKEFILES := 
# environment
LC_MONETARY = en_US.UTF-8
# environment
MOTD_SHOWN = pam
# automatic
^F = $(notdir $^)
# environment
LC_TIME = en_US.UTF-8
# environment
VSCODE_LOG_NATIVE = false
# environment
LC_TELEPHONE = cs_CZ.UTF-8
# automatic
?F = $(notdir $?)
# environment
KDE_APPLICATIONS_AS_SCOPE = 1
# makefile (from 'Makefile', line 8)
NAME = FractalsExplorer
# environment
XDG_SEAT = seat0
# environment
GTK_IM_MODULE = ibus
# environment
XDG_CURRENT_DESKTOP = KDE
# automatic
+F = $(notdir $+)
# environment
XDG_SEAT_PATH = /org/freedesktop/DisplayManager/Seat0
# environment
DESKTOP_SESSION = plasma
# environment
ORIGINAL_XDG_CURRENT_DESKTOP = KDE
# 'override' directive
GNUMAKEFLAGS := 
# environment
BROWSER = firefox
# environment
CONDA_DEFAULT_ENV = base
# environment
QT_SCREEN_SCALE_FACTORS = DVI-D-0=1.25;HDMI-0=1.25;DP-0=1.25;DP-1=1.25;DP-2=1.25;DP-3=1.25;DP-4=1.25;DP-5=1.25;
# environment
LOGNAME = martin
# environment
XDG_VTNR = 2
# makefile
.DEFAULT_GOAL := all
# environment
EDITOR = /usr/bin/micro
# environment
DISPLAY = :0
# environment
GTK_MODULES = canberra-gtk-module:appmenu-gtk-module
# environment
USER = martin
# default
MAKE_VERSION := 4.3
# environment
KDE_SESSION_UID = 1000
# 'override' directive
.SHELLSTATUS := 0
# makefile (from 'Makefile', line 7)
LDFLAGS = -lsfml-graphics -lsfml-window -lsfml-system -fopenmp -acc
# environment
LC_MEASUREMENT = en_US.UTF-8
# environment
VSCODE_NODE_CACHED_DATA_DIR = /home/martin/.config/Code/CachedData/3c4e3df9e89829dce27b7b5c24508306b151f30d
# environment
_ = /usr/bin/make
# environment
LC_PAPER = cs_CZ.UTF-8
# environment
XDG_RUNTIME_DIR = /run/user/1000
# environment
_CE_M = 
# environment
XDG_SESSION_CLASS = user
# environment
VSCODE_AMD_ENTRYPOINT = vs/workbench/services/extensions/node/extensionHostProcess
# makefile (from 'Makefile', line 10)
BUILD_DIR = build
# environment
GTK2_RC_FILES = /home/martin/.gtkrc-2.0
# environment
HOME = /home/martin
# environment
QT_IM_MODULE = ibus
# environment
ELECTRON_RUN_AS_NODE = 1
# environment
VSCODE_IPC_HOOK = /run/user/1000/vscode-6379ee7e-1.55.2-main.sock
# environment
TERM = alacritty
# environment
XDG_SESSION_ID = 2
# environment
XCURSOR_SIZE = 36
# default
.RECIPEPREFIX := 
# automatic
<F = $(notdir $<)
# makefile (from 'Makefile', line 13)
DEPS := build/src/FractalBuilder.cpp.d build/src/Main.cpp.d build/src/EscapeTimeFractal.cpp.d build/src/FractalHandler.cpp.d build/src/Fractals.cpp.d build/src/Window.cpp.d
# default
SUFFIXES := 
# environment
QT_AUTO_SCREEN_SCALE_FACTOR = 0
# makefile (from 'Makefile', line 6)
CXXFLAGS = -std=c++20 -fast -O4 -acc -g
# environment
KDE_SESSION_VERSION = 5
# default
.FEATURES := target-specific order-only second-expansion else-if shortest-stem undefine oneshell nocomment grouped-target extra-prereqs archives jobserver output-sync check-symlink guile load
# makefile (from 'Makefile', line 5)
CXX = pgc++
# environment
KDE_FULL_SESSION = true
# environment
CONDA_EXE = /home/martin/anaconda3/bin/conda
# environment
_CE_CONDA = 
# environment
LC_IDENTIFICATION = cs_CZ.UTF-8
# variable set hash-table stats:
# Load=127/1024=12%, Rehash=0, Collisions=9/178=5%

# Pattern-specific Variable Values

# No pattern-specific variable values.

# Directories

# src (device 42, inode 211930): 4 files, no impossibilities so far.
# . (device 42, inode 211773): 17 files, no impossibilities.

# 21 files, no impossibilities in 2 directories.

# Implicit Rules

build/%.cpp.o: %.cpp
#  recipe to execute (from 'Makefile', line 25):
	mkdir -p $(dir $@)
	$(CXX) $(CXXFLAGS) -c $< -o $@

# 1 implicit rules, 0 (0.0%) terminal.
# Files

# Not a target:
build/src/Main.cpp.o:
#  Implicit rule search has not been done.
#  Modification time never checked.
#  File has not been updated.

# Not a target:
Makefile:
#  Implicit rule search has been done.
#  Last modified 2021-03-03 13:43:14.249184482
#  File has been updated.
#  Successfully updated.

dep:
#  Implicit rule search has not been done.
#  Modification time never checked.
#  File has not been updated.
#  recipe to execute (from 'Makefile', line 18):
	$(CXX) -MM src/*.cpp > $(BUILD_DIR)/dep.list

# Not a target:
build/src/Window.cpp.o:
#  Implicit rule search has not been done.
#  Modification time never checked.
#  File has not been updated.

clean:
#  Phony target (prerequisite of .PHONY).
#  Implicit rule search has not been done.
#  File does not exist.
#  File has not been updated.
#  recipe to execute (from 'Makefile', line 30):
	rm -r $(BUILD_DIR)

build/FractalsExplorer: build/src/FractalBuilder.cpp.o build/src/Main.cpp.o build/src/EscapeTimeFractal.cpp.o build/src/FractalHandler.cpp.o build/src/Fractals.cpp.o build/src/Window.cpp.o
#  Implicit rule search has not been done.
#  File does not exist.
#  File has been updated.
#  Needs to be updated (-q is set).
# variable set hash-table stats:
# Load=0/32=0%, Rehash=0, Collisions=0/5=0%
#  recipe to execute (from 'Makefile', line 22):
	$(CXX) $(OBJS) -o $@ $(LDFLAGS)

# Not a target:
build/src/FractalHandler.cpp.o:
#  Implicit rule search has not been done.
#  Modification time never checked.
#  File has not been updated.

# Not a target:
src/FractalBuilder.cpp:
#  Implicit rule search has been done.
#  Last modified 2021-02-26 22:14:12
#  File has been updated.
#  Successfully updated.

# Not a target:
.DEFAULT:
#  Implicit rule search has not been done.
#  Modification time never checked.
#  File has not been updated.

# Not a target:
build/src/Fractals.cpp.o:
#  Implicit rule search has not been done.
#  Modification time never checked.
#  File has not been updated.

all: build/FractalsExplorer
#  Command line target.
#  Implicit rule search has been done.
#  File does not exist.
#  File has been updated.
#  Needs to be updated (-q is set).
# variable set hash-table stats:
# Load=0/32=0%, Rehash=0, Collisions=0/5=0%

run: build/FractalsExplorer
#  Phony target (prerequisite of .PHONY).
#  Implicit rule search has not been done.
#  File does not exist.
#  File has not been updated.
#  recipe to execute (from 'Makefile', line 33):
	./$(BUILD_DIR)/$(NAME)

# Not a target:
build/dep.list:
#  Implicit rule search has been done.
#  File does not exist.
#  File has been updated.
#  Failed to be updated.

# Not a target:
build/src/EscapeTimeFractal.cpp.o:
#  Implicit rule search has not been done.
#  Modification time never checked.
#  File has not been updated.

.PHONY: clean run
#  Implicit rule search has not been done.
#  Modification time never checked.
 
#  File has not been updated.

build/src/FractalBuilder.cpp.o: src/FractalBuilder.cpp
#  Implicit rule search has been done.
#  Implicit/static pattern stem: 'src/FractalBuilder'
#  File does not exist.
#  File has been updated.
#  Needs to be updated (-q is set).
# automatic
# @ := build/src/FractalBuilder.cpp.o
# automatic
# * := src/FractalBuilder
# automatic
# < := src/FractalBuilder.cpp
# automatic
# + := src/FractalBuilder.cpp
# automatic
# % := 
# automatic
# ^ := src/FractalBuilder.cpp
# automatic
# ? := src/FractalBuilder.cpp
# automatic
# | := 
# variable set hash-table stats:
# Load=8/32=25%, Rehash=0, Collisions=1/16=6%
#  recipe to execute (from 'Makefile', line 25):
	mkdir -p $(dir $@)
	$(CXX) $(CXXFLAGS) -c $< -o $@

# files hash-table stats:
# Load=17/1024=2%, Rehash=0, Collisions=0/45=0%
# VPATH Search Paths

# No 'vpath' search paths.

# No general ('VPATH' variable) search path.

# strcache buffers: 1 (0) / strings = 39 / storage = 519 B / avg = 13 B
# current buf: size = 8162 B / used = 519 B / count = 39 / avg = 13 B

# strcache performance: lookups = 60 / hit rate = 35%
# hash-table stats:
# Load=39/8192=0%, Rehash=0, Collisions=0/60=0%
# Finished Make data base on Tue Jul  6 21:39:08 2021

 
